21:09:43.226[main]INFO  testCases.TC001_AccountRegistrationTest-******** Starting TC001_AccountRegistrationTest*********
21:09:43.347[main]INFO  testCases.TC001_AccountRegistrationTest-Clicked on MyAccount Link
21:09:44.045[main]INFO  testCases.TC001_AccountRegistrationTest-Clicked on Registr Link
21:09:44.046[main]INFO  testCases.TC001_AccountRegistrationTest-Providing cutomer details....
21:09:45.470[main]INFO  testCases.TC001_AccountRegistrationTest-Validationg expected message....
21:09:45.507[main]ERROR testCases.TC001_AccountRegistrationTest-Test failed....
21:09:45.507[main]DEBUG testCases.TC001_AccountRegistrationTest-Debug logs....
21:19:25.263[main]INFO  testCases.TC001_AccountRegistrationTest-******** Starting TC001_AccountRegistrationTest*********
21:19:25.351[main]INFO  testCases.TC001_AccountRegistrationTest-Clicked on MyAccount Link
21:19:26.049[main]INFO  testCases.TC001_AccountRegistrationTest-Clicked on Registr Link
21:19:26.051[main]INFO  testCases.TC001_AccountRegistrationTest-Providing cutomer details....
21:19:27.500[main]INFO  testCases.TC001_AccountRegistrationTest-Validationg expected message....
21:19:27.535[main]INFO  testCases.TC001_AccountRegistrationTest-******Finished***********
21:21:17.738[main]INFO  testCases.TC001_AccountRegistrationTest-******** Starting TC001_AccountRegistrationTest*********
21:21:17.861[main]INFO  testCases.TC001_AccountRegistrationTest-Clicked on MyAccount Link
21:21:18.636[main]INFO  testCases.TC001_AccountRegistrationTest-Clicked on Registr Link
21:21:18.637[main]INFO  testCases.TC001_AccountRegistrationTest-Providing cutomer details....
21:21:20.170[main]INFO  testCases.TC001_AccountRegistrationTest-Validationg expected message....
21:21:20.213[main]ERROR testCases.TC001_AccountRegistrationTest-Test failed....
21:21:20.213[main]DEBUG testCases.TC001_AccountRegistrationTest-Debug logs....
21:22:41.436[main]INFO  testCases.TC001_AccountRegistrationTest-******** Starting TC001_AccountRegistrationTest*********
21:22:41.788[main]INFO  testCases.TC001_AccountRegistrationTest-Clicked on MyAccount Link
21:22:42.432[main]INFO  testCases.TC001_AccountRegistrationTest-Clicked on Registr Link
21:22:42.434[main]INFO  testCases.TC001_AccountRegistrationTest-Providing cutomer details....
21:22:45.500[main]INFO  testCases.TC001_AccountRegistrationTest-Validationg expected message....
21:22:45.528[main]ERROR testCases.TC001_AccountRegistrationTest-Test failed....
21:22:45.529[main]DEBUG testCases.TC001_AccountRegistrationTest-Debug logs....
21:36:42.287[main]INFO  testCases.TC001_AccountRegistrationTest-******** Starting TC001_AccountRegistrationTest*********
21:36:42.658[main]INFO  testCases.TC001_AccountRegistrationTest-Clicked on MyAccount Link
21:36:43.094[main]INFO  testCases.TC001_AccountRegistrationTest-Clicked on Registr Link
21:36:43.095[main]INFO  testCases.TC001_AccountRegistrationTest-Providing cutomer details....
21:36:46.068[main]INFO  testCases.TC001_AccountRegistrationTest-Validationg expected message....
21:36:46.102[main]ERROR testCases.TC001_AccountRegistrationTest-Test failed....
21:36:46.103[main]DEBUG testCases.TC001_AccountRegistrationTest-Debug logs....
21:37:04.011[main]INFO  testCases.TC001_AccountRegistrationTest-******** Starting TC001_AccountRegistrationTest*********
21:37:30.316[main]INFO  testCases.TC001_AccountRegistrationTest-******** Starting TC001_AccountRegistrationTest*********
21:38:28.276[main]INFO  testCases.TC001_AccountRegistrationTest-******** Starting TC001_AccountRegistrationTest*********
21:38:28.572[main]INFO  testCases.TC001_AccountRegistrationTest-Clicked on MyAccount Link
21:38:28.881[main]INFO  testCases.TC001_AccountRegistrationTest-Clicked on Registr Link
21:38:28.883[main]INFO  testCases.TC001_AccountRegistrationTest-Providing cutomer details....
21:38:31.604[main]INFO  testCases.TC001_AccountRegistrationTest-Validationg expected message....
21:38:31.632[main]INFO  testCases.TC001_AccountRegistrationTest-******Finished***********
21:39:02.951[main]INFO  testCases.TC001_AccountRegistrationTest-******** Starting TC001_AccountRegistrationTest*********
21:39:03.225[main]INFO  testCases.TC001_AccountRegistrationTest-Clicked on MyAccount Link
21:39:03.600[main]INFO  testCases.TC001_AccountRegistrationTest-Clicked on Registr Link
21:39:03.602[main]INFO  testCases.TC001_AccountRegistrationTest-Providing cutomer details....
21:39:06.338[main]INFO  testCases.TC001_AccountRegistrationTest-Validationg expected message....
21:39:06.356[main]INFO  testCases.TC001_AccountRegistrationTest-******Finished***********
21:44:54.300[main]INFO  testCases.TC001_AccountRegistrationTest-******** Starting TC001_AccountRegistrationTest*********
21:44:54.642[main]INFO  testCases.TC001_AccountRegistrationTest-Clicked on MyAccount Link
21:44:55.066[main]INFO  testCases.TC001_AccountRegistrationTest-Clicked on Registr Link
21:44:55.068[main]INFO  testCases.TC001_AccountRegistrationTest-Providing cutomer details....
