20:56:59.592[main]INFO  testCases.TC002_LoginTest-********Starting TC002_LoginTest*********
20:57:48.750[main]DEBUG org.testng.TestNG-suiteXmlPath: "C:\backup\OpencartV12.1\grid-docker.xml"
20:57:49.031[main]INFO  org.testng.internal.Utils-[TestNG] Running:
  C:\backup\OpencartV12.1\grid-docker.xml

20:57:52.910[main]INFO  testCases.TC001_AccountRegistrationTest-******** Starting TC001_AccountRegistrationTest*********
20:57:53.018[main]INFO  testCases.TC001_AccountRegistrationTest-Clicked on MyAccount Link
20:57:53.698[main]INFO  testCases.TC001_AccountRegistrationTest-Clicked on Registr Link
20:57:53.699[main]INFO  testCases.TC001_AccountRegistrationTest-Providing cutomer details....
20:57:55.244[main]INFO  testCases.TC001_AccountRegistrationTest-Validationg expected message....
20:57:55.296[main]INFO  testCases.TC001_AccountRegistrationTest-******Finished***********
20:57:58.186[main]INFO  testCases.TC002_LoginTest-********Starting TC002_LoginTest*********
20:58:14.897[main]INFO  testCases.TC001_AccountRegistrationTest-******** Starting TC001_AccountRegistrationTest*********
20:58:15.169[main]INFO  testCases.TC001_AccountRegistrationTest-Clicked on MyAccount Link
20:58:15.846[main]INFO  testCases.TC001_AccountRegistrationTest-Clicked on Registr Link
20:58:15.846[main]INFO  testCases.TC001_AccountRegistrationTest-Providing cutomer details....
20:58:17.224[main]INFO  testCases.TC001_AccountRegistrationTest-Validationg expected message....
20:58:17.252[main]INFO  testCases.TC001_AccountRegistrationTest-******Finished***********
20:58:21.917[main]INFO  testCases.TC002_LoginTest-********Starting TC002_LoginTest*********
21:32:35.462[main]DEBUG org.testng.TestNG-suiteXmlPath: "C:\backup\OpencartV12.1\grid-docker.xml"
21:32:35.714[main]INFO  org.testng.internal.Utils-[TestNG] Running:
  C:\backup\OpencartV12.1\grid-docker.xml

21:32:40.064[main]INFO  testCases.TC001_AccountRegistrationTest-******** Starting TC001_AccountRegistrationTest*********
21:32:40.211[main]INFO  testCases.TC001_AccountRegistrationTest-Clicked on MyAccount Link
21:32:40.925[main]INFO  testCases.TC001_AccountRegistrationTest-Clicked on Registr Link
21:32:40.927[main]INFO  testCases.TC001_AccountRegistrationTest-Providing cutomer details....
21:32:42.432[main]INFO  testCases.TC001_AccountRegistrationTest-Validationg expected message....
21:32:42.491[main]INFO  testCases.TC001_AccountRegistrationTest-******Finished***********
21:32:45.495[main]INFO  testCases.TC002_LoginTest-********Starting TC002_LoginTest*********
21:33:02.710[main]INFO  testCases.TC001_AccountRegistrationTest-******** Starting TC001_AccountRegistrationTest*********
21:33:02.981[main]INFO  testCases.TC001_AccountRegistrationTest-Clicked on MyAccount Link
21:33:03.682[main]INFO  testCases.TC001_AccountRegistrationTest-Clicked on Registr Link
21:33:03.682[main]INFO  testCases.TC001_AccountRegistrationTest-Providing cutomer details....
21:33:05.133[main]INFO  testCases.TC001_AccountRegistrationTest-Validationg expected message....
21:33:05.171[main]INFO  testCases.TC001_AccountRegistrationTest-******Finished***********
21:33:09.876[main]INFO  testCases.TC002_LoginTest-********Starting TC002_LoginTest*********
21:34:42.747[main]DEBUG org.testng.TestNG-suiteXmlPath: "C:\backup\OpencartV12.1\grid-docker.xml"
21:34:43.014[main]INFO  org.testng.internal.Utils-[TestNG] Running:
  C:\backup\OpencartV12.1\grid-docker.xml

21:34:47.037[main]INFO  testCases.TC001_AccountRegistrationTest-******** Starting TC001_AccountRegistrationTest*********
21:34:47.155[main]INFO  testCases.TC001_AccountRegistrationTest-Clicked on MyAccount Link
21:34:47.834[main]INFO  testCases.TC001_AccountRegistrationTest-Clicked on Registr Link
21:34:47.835[main]INFO  testCases.TC001_AccountRegistrationTest-Providing cutomer details....
21:34:49.312[main]INFO  testCases.TC001_AccountRegistrationTest-Validationg expected message....
21:34:49.366[main]INFO  testCases.TC001_AccountRegistrationTest-******Finished***********
21:34:52.314[main]INFO  testCases.TC002_LoginTest-********Starting TC002_LoginTest*********
21:35:09.277[main]INFO  testCases.TC001_AccountRegistrationTest-******** Starting TC001_AccountRegistrationTest*********
21:35:09.534[main]INFO  testCases.TC001_AccountRegistrationTest-Clicked on MyAccount Link
21:35:10.228[main]INFO  testCases.TC001_AccountRegistrationTest-Clicked on Registr Link
21:35:10.228[main]INFO  testCases.TC001_AccountRegistrationTest-Providing cutomer details....
21:35:11.623[main]INFO  testCases.TC001_AccountRegistrationTest-Validationg expected message....
21:35:11.650[main]INFO  testCases.TC001_AccountRegistrationTest-******Finished***********
21:35:16.341[main]INFO  testCases.TC002_LoginTest-********Starting TC002_LoginTest*********
21:55:06.775[main]DEBUG org.testng.TestNG-suiteXmlPath: "C:\backup\OpencartV12.1\grid-docker.xml"
21:55:07.049[main]INFO  org.testng.internal.Utils-[TestNG] Running:
  C:\backup\OpencartV12.1\grid-docker.xml

